ECHO: "material code,material thickness,dimension A (along wood grain),dimension B,count,edge banding A-1,edge banding A-2,edge banding B-1,edge banding B-2,panel name,panel description,cnc comments"
ECHO: "MEL-19,19,2300,230,1,1,1,1,1,CorpusSideLeft,Vertical side panel of the main body,Face 4mm confirmat screw holes"
ECHO: "MEL-19,19,2300,230,1,1,1,1,1,CorpusSideRight,Vertical side panel of the main body,Face 4mm confirmat screw holes"
ECHO: "MEL-19,19,562,230,2,1,0,0,0,CorpusTopBottom,Horizontal top and bottom panels,Edge 4mm confirmat screw holes"
ECHO: "MEL-19,19,562,230,1,1,0,0,0,CorpusMiddle,Horizontal shelf separating drawers and bookcase,Edge 4mm confirmat screw holes"
ECHO: "MEL-12,12,200,225,6,1,1,0,1,DrawerSideLeft,Vertical side panel of a drawer,Face 4mm confirmat screw holes + Edge 6mm dowel holes"
ECHO: "MEL-12,12,200,225,6,1,1,0,1,DrawerSideRight,Vertical side panel of a drawer,Face 4mm confirmat screw holes + Edge 6mm dowel holes"
ECHO: "MEL-12,12,512,200,6,1,1,0,0,DrawerBack,Vertical back panel of a drawer,Face 4mm confirmat screw holes + Edge 4mm confirmat screw holes"
ECHO: "MEL-12,12,512,213,6,0,0,0,0,DrawerBottom,Bottom panel of a drawer,Edge 4mm confirmat screw holes + Edge 6mm dowel holes"
ECHO: "MEL-19,19,597,233,1,1,1,1,1,DrawerFrontFirst,Front panel for the bottom drawer,Face 6mm dowel holes"
ECHO: "MEL-19,19,597,207,4,1,1,1,1,DrawerFrontStandard,Front panel for the middle 4 drawers,Face 6mm dowel holes"
ECHO: "MEL-19,19,597,216,1,1,1,1,1,DrawerFrontTop,Front panel for the top drawer,Face 6mm dowel holes"
ECHO: "MEL-19,19,562,230,2,1,0,0,0,Shelf,Shelf in the bookcase section,Edge 4mm confirmat screw holes"
ECHO: "MEL-19,19,562,30,2,1,0,0,0,PedestalFrontBack,Front and back panels of the pedestal,Edge 4mm confirmat screw holes"
ECHO: "MEL-19,19,230,30,2,1,0,1,1,PedestalSide,Side panels of the pedestal,Face 4mm confirmat screw holes"
ECHO: "HDF-3,3,2300,600,1,0,0,0,0,HDFBackPanel,The back panel of the entire unit,No holes"
Compiling design (CSG Products normalization)...
Normalized CSG tree has 1 elements
Geometries in cache: 0
Geometry cache size in bytes: 0
CGAL Polyhedrons in cache: 0
CGAL cache size in bytes: 0
Total rendering time: 0:00:00.064
