
Debug on. --debug=all
Camera: Camera()
openscad: Application location detected as C:/Program Files/OpenSCAD (Nightly)
cgalutils-project: <svg width='480px' height='100000px' xmlns='http://www.w3.org/2000/svg' version='1.1'>
<!-- please do not write code depending on this format -->
<!-- it is for debugging only and subject to change  -->

cgalutils-project: <!-- volume. mark: 0 -->
cgalutils-project: <!-- shell. (vol mark was: 0)
cgalutils-project:  <!-- ZRemover Halffacet visit. Mark: 1 --> 
cgalutils-project:   <!-- ZRemover down-facing half-facet. skipping -->
cgalutils-project:  <!-- ZRemover Halffacet visit end-->
cgalutils-project:  <!-- ZRemover Halffacet visit. Mark: 1 --> 
cgalutils-project:  <!-- ZRemover Halffacet cycle begin -->
cgalutils-project:  <!-- is_simple_2: 1 -->
cgalutils-project:  <!-- contour is a body. make union(). 4 points -->
cgalutils-project:  <!-- ZRemover Halffacet cycle end -->
cgalutils-project:  <!-- ZRemover Halffacet visit end -->
cgalutils-project: <!-- shell. end. -->
cgalutils-project: <!-- volume end. -->
cgalutils-project: </svg>
Geometries in cache: 3
Geometry cache size in bytes: 1840
CGAL Polyhedrons in cache: 0
CGAL cache size in bytes: 0
Total rendering time: 0:00:00.035
Top level object is a 2D object:
   Contours:        1
